0 info it worked if it ends with ok
1 verbose cli [ 'C:\\Program Files\\nodejs\\\\node.exe',
1 verbose cli   'C:\\Program Files\\nodejs\\node_modules\\npm\\bin\\npm-cli.js',
1 verbose cli   'install',
1 verbose cli   '–g',
1 verbose cli   'cordova' ]
2 info using npm@2.7.4
3 info using node@v0.12.2
4 verbose node symlink C:\Program Files\nodejs\\node.exe
5 silly cache add args [ '–g', null ]
6 verbose cache add spec –g
7 silly cache add args [ 'cordova', null ]
8 verbose cache add spec cordova
9 silly cache add parsed spec { raw: '–g',
9 silly cache add   scope: null,
9 silly cache add   name: null,
9 silly cache add   rawSpec: '–g',
9 silly cache add   spec: 'C:\\xampp\\htdocs\\Bibliodoc\\–g',
9 silly cache add   type: 'local' }
10 silly cache add parsed spec { raw: 'cordova',
10 silly cache add   scope: null,
10 silly cache add   name: 'cordova',
10 silly cache add   rawSpec: '',
10 silly cache add   spec: '*',
10 silly cache add   type: 'range' }
11 verbose addNamed cordova@*
12 silly addNamed semver.valid null
13 silly addNamed semver.validRange *
14 silly addNameRange { name: 'cordova', range: '*', hasData: false }
15 silly mapToRegistry name cordova
16 silly mapToRegistry using default registry
17 silly mapToRegistry registry https://registry.npmjs.org/
18 silly mapToRegistry uri https://registry.npmjs.org/cordova
19 verbose addNameRange registry:https://registry.npmjs.org/cordova not in flight; fetching
20 error addLocal Could not install C:\xampp\htdocs\Bibliodoc\–g
21 verbose request uri https://registry.npmjs.org/cordova
22 verbose request no auth needed
23 info attempt registry request try #1 at 13:39:19
24 verbose request id 3cbd72c41c04f82b
25 verbose etag "CNMMOIZHAXH4DLRJ8V6N5JRDB"
26 http request GET https://registry.npmjs.org/cordova
27 http 304 https://registry.npmjs.org/cordova
28 silly get cb [ 304,
28 silly get   { date: 'Tue, 14 Apr 2015 11:39:51 GMT',
28 silly get     server: 'Apache',
28 silly get     via: '1.1 varnish',
28 silly get     'last-modified': 'Tue, 14 Apr 2015 11:39:51 GMT',
28 silly get     'cache-control': 'max-age=60',
28 silly get     etag: '"CNMMOIZHAXH4DLRJ8V6N5JRDB"',
28 silly get     age: '27',
28 silly get     'x-served-by': 'cache-fra1239-FRA',
28 silly get     'x-cache': 'HIT',
28 silly get     'x-cache-hits': '1',
28 silly get     'x-timer': 'S1429011591.589179,VS0,VE1',
28 silly get     vary: 'Accept',
28 silly get     'content-length': '0',
28 silly get     'keep-alive': 'timeout=10, max=50',
28 silly get     connection: 'Keep-Alive' } ]
29 verbose etag https://registry.npmjs.org/cordova from cache
30 verbose get saving cordova to C:\Users\elipce\AppData\Roaming\npm-cache\registry.npmjs.org\cordova\.cache.json
31 silly addNameRange number 2 { name: 'cordova', range: '*', hasData: true }
32 silly addNameRange versions [ 'cordova',
32 silly addNameRange   [ '0.0.1',
32 silly addNameRange     '0.0.2',
32 silly addNameRange     '0.0.3',
32 silly addNameRange     '0.0.4',
32 silly addNameRange     '0.0.5',
32 silly addNameRange     '0.0.6',
32 silly addNameRange     '0.0.7',
32 silly addNameRange     '0.0.8',
32 silly addNameRange     '0.0.9',
32 silly addNameRange     '0.1.0',
32 silly addNameRange     '0.1.1',
32 silly addNameRange     '0.1.2',
32 silly addNameRange     '0.1.3',
32 silly addNameRange     '0.1.4',
32 silly addNameRange     '0.1.5',
32 silly addNameRange     '0.1.6',
32 silly addNameRange     '0.1.7',
32 silly addNameRange     '0.1.8',
32 silly addNameRange     '0.1.9',
32 silly addNameRange     '0.1.10',
32 silly addNameRange     '0.1.11',
32 silly addNameRange     '0.1.12',
32 silly addNameRange     '0.1.13',
32 silly addNameRange     '0.1.14',
32 silly addNameRange     '2.2.0',
32 silly addNameRange     '2.3.0',
32 silly addNameRange     '2.3.1',
32 silly addNameRange     '2.3.2',
32 silly addNameRange     '2.3.3',
32 silly addNameRange     '2.3.5',
32 silly addNameRange     '2.3.6',
32 silly addNameRange     '2.4.0',
32 silly addNameRange     '2.4.1',
32 silly addNameRange     '2.4.2',
32 silly addNameRange     '2.4.3',
32 silly addNameRange     '2.4.4',
32 silly addNameRange     '2.4.5',
32 silly addNameRange     '2.4.6',
32 silly addNameRange     '2.4.7',
32 silly addNameRange     '2.4.8',
32 silly addNameRange     '2.4.9',
32 silly addNameRange     '2.4.10',
32 silly addNameRange     '2.5.0',
32 silly addNameRange     '2.5.2',
32 silly addNameRange     '2.5.3',
32 silly addNameRange     '2.5.4',
32 silly addNameRange     '2.5.5',
32 silly addNameRange     '2.6.0',
32 silly addNameRange     '2.6.1',
32 silly addNameRange     '2.6.2',
32 silly addNameRange     '2.7.0-rc.1',
32 silly addNameRange     '2.7.1-rc.1',
32 silly addNameRange     '2.7.2',
32 silly addNameRange     '2.7.3',
32 silly addNameRange     '2.7.4',
32 silly addNameRange     '2.8.0',
32 silly addNameRange     '2.8.1',
32 silly addNameRange     '2.8.2',
32 silly addNameRange     '2.8.3',
32 silly addNameRange     '2.8.4',
32 silly addNameRange     '2.8.5',
32 silly addNameRange     '2.8.6',
32 silly addNameRange     '2.8.7',
32 silly addNameRange     '2.8.8',
32 silly addNameRange     '2.8.9',
32 silly addNameRange     '2.8.10',
32 silly addNameRange     '2.8.11',
32 silly addNameRange     '2.8.12',
32 silly addNameRange     '2.8.13',
32 silly addNameRange     '2.8.14',
32 silly addNameRange     '2.8.15',
32 silly addNameRange     '2.8.16',
32 silly addNameRange     '2.8.17',
32 silly addNameRange     '2.8.18',
32 silly addNameRange     '2.8.19',
32 silly addNameRange     '2.8.20',
32 silly addNameRange     '2.8.21',
32 silly addNameRange     '2.8.22',
32 silly addNameRange     '2.8.23',
32 silly addNameRange     '2.8.24',
32 silly addNameRange     '2.8.25',
32 silly addNameRange     '2.9.0',
32 silly addNameRange     '2.9.1',
32 silly addNameRange     '2.9.2',
32 silly addNameRange     '2.9.3',
32 silly addNameRange     '2.9.4',
32 silly addNameRange     '2.9.5',
32 silly addNameRange     '2.9.6',
32 silly addNameRange     '2.9.7',
32 silly addNameRange     '3.0.0-rc1',
32 silly addNameRange     '3.0.0-rc1-1',
32 silly addNameRange     '3.0.0-rc1-3',
32 silly addNameRange     '3.0.0',
32 silly addNameRange     '3.0.1',
32 silly addNameRange     '3.0.2',
32 silly addNameRange     '3.0.3',
32 silly addNameRange     '3.0.4',
32 silly addNameRange     '3.0.5',
32 silly addNameRange     '3.0.6',
32 silly addNameRange     '3.0.7',
32 silly addNameRange     '3.0.8',
32 silly addNameRange     '3.0.9',
32 silly addNameRange     '3.0.10',
32 silly addNameRange     '3.1.0-0.1.0',
32 silly addNameRange     '3.1.0-0.2.0',
32 silly addNameRange     '3.2.0-rc.1',
32 silly addNameRange     '3.2.0-0.1.0',
32 silly addNameRange     '3.2.0-0.2.0',
32 silly addNameRange     '3.2.0-0.3.0',
32 silly addNameRange     '3.2.0-0.4.0',
32 silly addNameRange     '3.3.0-rc.1',
32 silly addNameRange     '3.3.0-0.1.1',
32 silly addNameRange     '3.3.1-0.1.2',
32 silly addNameRange     '2.9.0-rc1',
32 silly addNameRange     '3.3.1-0.3.0',
32 silly addNameRange     '3.3.1-0.3.1',
32 silly addNameRange     '3.3.1-0.4.1',
32 silly addNameRange     '3.3.1-0.4.2',
32 silly addNameRange     '3.4.0-0.1.0',
32 silly addNameRange     '3.4.0-0.1.1',
32 silly addNameRange     '3.4.0-0.1.2',
32 silly addNameRange     '3.4.0-0.1.3',
32 silly addNameRange     '0.0.0-fake',
32 silly addNameRange     '3.4.1-0.1.0',
32 silly addNameRange     '3.5.0-0.2.0',
32 silly addNameRange     '3.5.0-0.2.1',
32 silly addNameRange     '3.5.0-0.2.2',
32 silly addNameRange     '3.5.0-0.2.3',
32 silly addNameRange     '3.5.0-0.2.4',
32 silly addNameRange     '3.5.0-0.2.6',
32 silly addNameRange     '3.5.0-0.2.7',
32 silly addNameRange     '3.6.0-0.2.8',
32 silly addNameRange     '3.6.0-0.2.9',
32 silly addNameRange     '3.6.1-0.2.10',
32 silly addNameRange     '3.6.3-0.2.11',
32 silly addNameRange     '3.6.3-0.2.12',
32 silly addNameRange     '3.6.3-0.2.13',
32 silly addNameRange     '4.0.0',
32 silly addNameRange     '4.0.1',
32 silly addNameRange     '4.1.0',
32 silly addNameRange     '4.1.1',
32 silly addNameRange     '4.1.2',
32 silly addNameRange     '4.1.3-nightly.2014.10.21',
32 silly addNameRange     '4.2.0',
32 silly addNameRange     '4.3.0' ] ]
33 verbose addNamed cordova@4.3.0
34 silly addNamed semver.valid 4.3.0
35 silly addNamed semver.validRange 4.3.0
36 silly cache afterAdd cordova@4.3.0
37 verbose afterAdd C:\Users\elipce\AppData\Roaming\npm-cache\cordova\4.3.0\package\package.json not in flight; writing
38 verbose afterAdd C:\Users\elipce\AppData\Roaming\npm-cache\cordova\4.3.0\package\package.json written
39 verbose stack Error: ENOENT, open 'C:\xampp\htdocs\Bibliodoc\–g'
39 verbose stack     at Error (native)
40 verbose cwd C:\xampp\htdocs\Bibliodoc
41 error Windows_NT 6.3.9600
42 error argv "C:\\Program Files\\nodejs\\\\node.exe" "C:\\Program Files\\nodejs\\node_modules\\npm\\bin\\npm-cli.js" "install" "–g" "cordova"
43 error node v0.12.2
44 error npm  v2.7.4
45 error path C:\xampp\htdocs\Bibliodoc\–g
46 error code ENOENT
47 error errno -4058
48 error enoent ENOENT, open 'C:\xampp\htdocs\Bibliodoc\–g'
48 error enoent This is most likely not a problem with npm itself
48 error enoent and is related to npm not being able to find a file.
49 verbose exit [ -4058, true ]
